[Lexer] Reading programm code from : "/home/alexandr/Desktop/cprojects/compiler/university_compiler/print_read.pas"
RWPR{V = "Program"}  ID{V = "test"} SRSM{V = ";"} {V = "
"} RWTP{V = "type"}  ID{V = "mytype"}  OPEQ{V = "="}  RWINT{V = "integer"} SRSM{V = ";"} {V = "
"} {V = "
"} RWV{V = "var"}  ID{V = "massive_of_int"}  SRCN{V = ":"}  RWAR{V = "array"}  SRLB{V = "["} CI{V = "10"} SRCA{V = ","}  CI{V = "10"} SRRB{V = "]"}  RWOF{V = "of"}  RWINT{V = "integer"} SRSM{V = ";"} {V = "
"}     ID{V = "massive"} 	   SRCN{V = ":"}  RWAR{V = "array"}  SRLB{V = "["} CI{V = "15"} SRRB{V = "]"}  RWOF{V = "of"}  RWINT{V = "integer"} SRSM{V = ";"} {V = "
"}     ID{V = "i"} SRCA{V = ","}  ID{V = "z"} 	   SRCN{V = ":"}  RWINT{V = "integer"} SRSM{V = ";"} {V = "
"}     ID{V = "mas"} 		   SRCN{V = ":"}  RWAR{V = "array"}  SRLB{V = "["} CI{V = "10"} SRRB{V = "]"}  RWOF{V = "of"}  RWINT{V = "integer"} SRSM{V = ";"} {V = "
"}     ID{V = "k"} 		   SRCN{V = ":"}  RWINT{V = "integer"} SRSM{V = ";"} {V = "
"} {V = "
"} RWLB{V = "label"}  ID{V = "exit"} SRSM{V = ";"} {V = "
"}    {V = "
"} RWB{V = "begin"} {V = "
"}       ID{V = "z"}  OPAS{V = ":="}  CI{V = "5"} SRSM{V = ";"} {V = "
"}       ID{V = "k"}  OPAS{V = ":="}  CI{V = "1"} SRSM{V = ";"} {V = "
"}       RWWR{V = "write"} SRLP{V = "("} TEXT{V = ""Enter Z value:""} SRRP{V = ")"} SRSM{V = ";"} {V = "
"}       RWRD{V = "read"} SRLP{V = "("} ID{V = "z"} SRRP{V = ")"} SRSM{V = ";"} {V = "
"}       RWIF{V = "if"}  SRLP{V = "("} ID{V = "k"}  OPEQ{V = "="}  CI{V = "10"} SRRP{V = ")"}  RWTH{V = "then"} {V = "
"} 	    RWB{V = "begin"} {V = "
"} 	       RWIF{V = "if"}  SRLP{V = "("} ID{V = "z"}  OPLT{V = "<"}  CI{V = "5"} SRRP{V = ")"}  RWTH{V = "then"}  RWGT{V = "goto"}  ID{V = "exit"} SRSM{V = ";"} {V = "
"} 	       ID{V = "i"}  OPAS{V = ":="}  CI{V = "1"} SRSM{V = ";"} {V = "
"} 	    RWEND{V = "end"} {V = "
"}       RWEL{V = "else"} {V = "
"} 	    RWB{V = "begin"} {V = "
"} 	       RWWR{V = "write"} SRLP{V = "("} TEXT{V = ""Z value is:""} SRCA{V = ","}  ID{V = "z"} SRRP{V = ")"} SRSM{V = ";"} {V = "
"} 	       ID{V = "z"}  OPAS{V = ":="}  CI{V = "1"} SRSM{V = ";"} {V = "
"} 	    RWEND{V = "end"} SRSM{V = ";"} {V = "
"}    ID{V = "exit"} SRCN{V = ":"} ID{V = "mas"} SRLB{V = "["} CI{V = "5"} SRRB{V = "]"}  OPAS{V = ":="}  CI{V = "1"} SRSM{V = ";"} {V = "
"} RWEND{V = "end"} SRSP{V = "."} {V = "
"} ENDOFFILE{V = "EOF"} 