The system is: Linux - 4.2.0-25-generic - x86_64
Compiling the C compiler identification source file "CMakeCCompilerId.c" succeeded.
Compiler: /usr/bin/cc 
Build flags: 
Id flags: 

The output was:
0


Compilation of the C compiler identification source "CMakeCCompilerId.c" produced "a.out"

The C compiler identification is Clang, found in "/home/alexandr/Desktop/cprojects/compiler/university_compiler/CMakeFiles/3.2.2/CompilerIdC/a.out"

Compiling the CXX compiler identification source file "CMakeCXXCompilerId.cpp" succeeded.
Compiler: /usr/bin/c++ 
Build flags: 
Id flags: 

The output was:
0


Compilation of the CXX compiler identification source "CMakeCXXCompilerId.cpp" produced "a.out"

The CXX compiler identification is Clang, found in "/home/alexandr/Desktop/cprojects/compiler/university_compiler/CMakeFiles/3.2.2/CompilerIdCXX/a.out"

Determining if the C compiler works passed with the following output:
Change Dir: /home/alexandr/Desktop/cprojects/compiler/university_compiler/CMakeFiles/CMakeTmp

Run Build Command:"/usr/bin/make" "cmTryCompileExec689430308/fast"
/usr/bin/make -f CMakeFiles/cmTryCompileExec689430308.dir/build.make CMakeFiles/cmTryCompileExec689430308.dir/build
make[1]: Entering directory '/home/alexandr/Desktop/cprojects/compiler/university_compiler/CMakeFiles/CMakeTmp'
/usr/bin/cmake -E cmake_progress_report /home/alexandr/Desktop/cprojects/compiler/university_compiler/CMakeFiles/CMakeTmp/CMakeFiles 1
Building C object CMakeFiles/cmTryCompileExec689430308.dir/testCCompiler.c.o
/usr/bin/cc    -o CMakeFiles/cmTryCompileExec689430308.dir/testCCompiler.c.o   -c /home/alexandr/Desktop/cprojects/compiler/university_compiler/CMakeFiles/CMakeTmp/testCCompiler.c
Linking C executable cmTryCompileExec689430308
/usr/bin/cmake -E cmake_link_script CMakeFiles/cmTryCompileExec689430308.dir/link.txt --verbose=1
/usr/bin/cc       CMakeFiles/cmTryCompileExec689430308.dir/testCCompiler.c.o  -o cmTryCompileExec689430308 -rdynamic 
make[1]: Leaving directory '/home/alexandr/Desktop/cprojects/compiler/university_compiler/CMakeFiles/CMakeTmp'


Detecting C compiler ABI info compiled with the following output:
Change Dir: /home/alexandr/Desktop/cprojects/compiler/university_compiler/CMakeFiles/CMakeTmp

Run Build Command:"/usr/bin/make" "cmTryCompileExec2581861164/fast"
/usr/bin/make -f CMakeFiles/cmTryCompileExec2581861164.dir/build.make CMakeFiles/cmTryCompileExec2581861164.dir/build
make[1]: Entering directory '/home/alexandr/Desktop/cprojects/compiler/university_compiler/CMakeFiles/CMakeTmp'
/usr/bin/cmake -E cmake_progress_report /home/alexandr/Desktop/cprojects/compiler/university_compiler/CMakeFiles/CMakeTmp/CMakeFiles 1
Building C object CMakeFiles/cmTryCompileExec2581861164.dir/CMakeCCompilerABI.c.o
/usr/bin/cc    -o CMakeFiles/cmTryCompileExec2581861164.dir/CMakeCCompilerABI.c.o   -c /usr/share/cmake-3.2/Modules/CMakeCCompilerABI.c
Linking C executable cmTryCompileExec2581861164
/usr/bin/cmake -E cmake_link_script CMakeFiles/cmTryCompileExec2581861164.dir/link.txt --verbose=1
/usr/bin/cc      -v CMakeFiles/cmTryCompileExec2581861164.dir/CMakeCCompilerABI.c.o  -o cmTryCompileExec2581861164 -rdynamic  
Ubuntu clang version 3.7.0-2ubuntu1 (tags/RELEASE_370/final) (based on LLVM 3.7.0)
Target: x86_64-pc-linux-gnu
Thread model: posix
Found candidate GCC installation: /usr/bin/../lib/gcc/x86_64-linux-gnu/5.2.1
Found candidate GCC installation: /usr/lib/gcc/x86_64-linux-gnu/5.2.1
Selected GCC installation: /usr/bin/../lib/gcc/x86_64-linux-gnu/5.2.1
Candidate multilib: .;@m64
Selected multilib: .;@m64
 "/usr/bin/ld" -export-dynamic -z relro --hash-style=gnu --build-id --eh-frame-hdr -m elf_x86_64 -dynamic-linker /lib64/ld-linux-x86-64.so.2 -o cmTryCompileExec2581861164 /usr/bin/../lib/gcc/x86_64-linux-gnu/5.2.1/../../../x86_64-linux-gnu/crt1.o /usr/bin/../lib/gcc/x86_64-linux-gnu/5.2.1/../../../x86_64-linux-gnu/crti.o /usr/bin/../lib/gcc/x86_64-linux-gnu/5.2.1/crtbegin.o -L/usr/bin/../lib/gcc/x86_64-linux-gnu/5.2.1 -L/usr/bin/../lib/gcc/x86_64-linux-gnu/5.2.1/../../../x86_64-linux-gnu -L/lib/x86_64-linux-gnu -L/lib/../lib64 -L/usr/lib/x86_64-linux-gnu -L/usr/bin/../lib/gcc/x86_64-linux-gnu/5.2.1/../../.. -L/usr/lib/llvm-3.7/bin/../lib -L/lib -L/usr/lib CMakeFiles/cmTryCompileExec2581861164.dir/CMakeCCompilerABI.c.o -lgcc --as-needed -lgcc_s --no-as-needed -lc -lgcc --as-needed -lgcc_s --no-as-needed /usr/bin/../lib/gcc/x86_64-linux-gnu/5.2.1/crtend.o /usr/bin/../lib/gcc/x86_64-linux-gnu/5.2.1/../../../x86_64-linux-gnu/crtn.o
make[1]: Leaving directory '/home/alexandr/Desktop/cprojects/compiler/university_compiler/CMakeFiles/CMakeTmp'


Parsed C implicit link information from above output:
  link line regex: [^( *|.*[/\])(ld|([^/\]+-)?ld|collect2)[^/\]*( |$)]
  ignore line: [Change Dir: /home/alexandr/Desktop/cprojects/compiler/university_compiler/CMakeFiles/CMakeTmp]
  ignore line: []
  ignore line: [Run Build Command:"/usr/bin/make" "cmTryCompileExec2581861164/fast"]
  ignore line: [/usr/bin/make -f CMakeFiles/cmTryCompileExec2581861164.dir/build.make CMakeFiles/cmTryCompileExec2581861164.dir/build]
  ignore line: [make[1]: Entering directory '/home/alexandr/Desktop/cprojects/compiler/university_compiler/CMakeFiles/CMakeTmp']
  ignore line: [/usr/bin/cmake -E cmake_progress_report /home/alexandr/Desktop/cprojects/compiler/university_compiler/CMakeFiles/CMakeTmp/CMakeFiles 1]
  ignore line: [Building C object CMakeFiles/cmTryCompileExec2581861164.dir/CMakeCCompilerABI.c.o]
  ignore line: [/usr/bin/cc    -o CMakeFiles/cmTryCompileExec2581861164.dir/CMakeCCompilerABI.c.o   -c /usr/share/cmake-3.2/Modules/CMakeCCompilerABI.c]
  ignore line: [Linking C executable cmTryCompileExec2581861164]
  ignore line: [/usr/bin/cmake -E cmake_link_script CMakeFiles/cmTryCompileExec2581861164.dir/link.txt --verbose=1]
  ignore line: [/usr/bin/cc      -v CMakeFiles/cmTryCompileExec2581861164.dir/CMakeCCompilerABI.c.o  -o cmTryCompileExec2581861164 -rdynamic  ]
  ignore line: [Ubuntu clang version 3.7.0-2ubuntu1 (tags/RELEASE_370/final) (based on LLVM 3.7.0)]
  ignore line: [Target: x86_64-pc-linux-gnu]
  ignore line: [Thread model: posix]
  ignore line: [Found candidate GCC installation: /usr/bin/../lib/gcc/x86_64-linux-gnu/5.2.1]
  ignore line: [Found candidate GCC installation: /usr/lib/gcc/x86_64-linux-gnu/5.2.1]
  ignore line: [Selected GCC installation: /usr/bin/../lib/gcc/x86_64-linux-gnu/5.2.1]
  ignore line: [Candidate multilib: .]
  ignore line: [@m64]
  ignore line: [Selected multilib: .]
  ignore line: [@m64]
  link line: [ "/usr/bin/ld" -export-dynamic -z relro --hash-style=gnu --build-id --eh-frame-hdr -m elf_x86_64 -dynamic-linker /lib64/ld-linux-x86-64.so.2 -o cmTryCompileExec2581861164 /usr/bin/../lib/gcc/x86_64-linux-gnu/5.2.1/../../../x86_64-linux-gnu/crt1.o /usr/bin/../lib/gcc/x86_64-linux-gnu/5.2.1/../../../x86_64-linux-gnu/crti.o /usr/bin/../lib/gcc/x86_64-linux-gnu/5.2.1/crtbegin.o -L/usr/bin/../lib/gcc/x86_64-linux-gnu/5.2.1 -L/usr/bin/../lib/gcc/x86_64-linux-gnu/5.2.1/../../../x86_64-linux-gnu -L/lib/x86_64-linux-gnu -L/lib/../lib64 -L/usr/lib/x86_64-linux-gnu -L/usr/bin/../lib/gcc/x86_64-linux-gnu/5.2.1/../../.. -L/usr/lib/llvm-3.7/bin/../lib -L/lib -L/usr/lib CMakeFiles/cmTryCompileExec2581861164.dir/CMakeCCompilerABI.c.o -lgcc --as-needed -lgcc_s --no-as-needed -lc -lgcc --as-needed -lgcc_s --no-as-needed /usr/bin/../lib/gcc/x86_64-linux-gnu/5.2.1/crtend.o /usr/bin/../lib/gcc/x86_64-linux-gnu/5.2.1/../../../x86_64-linux-gnu/crtn.o]
    arg [/usr/bin/ld] ==> ignore
    arg [-export-dynamic] ==> ignore
    arg [-zrelro] ==> ignore
    arg [--hash-style=gnu] ==> ignore
    arg [--build-id] ==> ignore
    arg [--eh-frame-hdr] ==> ignore
    arg [-m] ==> ignore
    arg [elf_x86_64] ==> ignore
    arg [-dynamic-linker] ==> ignore
    arg [/lib64/ld-linux-x86-64.so.2] ==> ignore
    arg [-o] ==> ignore
    arg [cmTryCompileExec2581861164] ==> ignore
    arg [/usr/bin/../lib/gcc/x86_64-linux-gnu/5.2.1/../../../x86_64-linux-gnu/crt1.o] ==> ignore
    arg [/usr/bin/../lib/gcc/x86_64-linux-gnu/5.2.1/../../../x86_64-linux-gnu/crti.o] ==> ignore
    arg [/usr/bin/../lib/gcc/x86_64-linux-gnu/5.2.1/crtbegin.o] ==> ignore
    arg [-L/usr/bin/../lib/gcc/x86_64-linux-gnu/5.2.1] ==> dir [/usr/bin/../lib/gcc/x86_64-linux-gnu/5.2.1]
    arg [-L/usr/bin/../lib/gcc/x86_64-linux-gnu/5.2.1/../../../x86_64-linux-gnu] ==> dir [/usr/bin/../lib/gcc/x86_64-linux-gnu/5.2.1/../../../x86_64-linux-gnu]
    arg [-L/lib/x86_64-linux-gnu] ==> dir [/lib/x86_64-linux-gnu]
    arg [-L/lib/../lib64] ==> dir [/lib/../lib64]
    arg [-L/usr/lib/x86_64-linux-gnu] ==> dir [/usr/lib/x86_64-linux-gnu]
    arg [-L/usr/bin/../lib/gcc/x86_64-linux-gnu/5.2.1/../../..] ==> dir [/usr/bin/../lib/gcc/x86_64-linux-gnu/5.2.1/../../..]
    arg [-L/usr/lib/llvm-3.7/bin/../lib] ==> dir [/usr/lib/llvm-3.7/bin/../lib]
    arg [-L/lib] ==> dir [/lib]
    arg [-L/usr/lib] ==> dir [/usr/lib]
    arg [CMakeFiles/cmTryCompileExec2581861164.dir/CMakeCCompilerABI.c.o] ==> ignore
    arg [-lgcc] ==> lib [gcc]
    arg [--as-needed] ==> ignore
    arg [-lgcc_s] ==> lib [gcc_s]
    arg [--no-as-needed] ==> ignore
    arg [-lc] ==> lib [c]
    arg [-lgcc] ==> lib [gcc]
    arg [--as-needed] ==> ignore
    arg [-lgcc_s] ==> lib [gcc_s]
    arg [--no-as-needed] ==> ignore
    arg [/usr/bin/../lib/gcc/x86_64-linux-gnu/5.2.1/crtend.o] ==> ignore
    arg [/usr/bin/../lib/gcc/x86_64-linux-gnu/5.2.1/../../../x86_64-linux-gnu/crtn.o] ==> ignore
  remove lib [gcc]
  remove lib [gcc_s]
  remove lib [gcc]
  remove lib [gcc_s]
  collapse library dir [/usr/bin/../lib/gcc/x86_64-linux-gnu/5.2.1] ==> [/usr/lib/gcc/x86_64-linux-gnu/5.2.1]
  collapse library dir [/usr/bin/../lib/gcc/x86_64-linux-gnu/5.2.1/../../../x86_64-linux-gnu] ==> [/usr/lib/x86_64-linux-gnu]
  collapse library dir [/lib/x86_64-linux-gnu] ==> [/lib/x86_64-linux-gnu]
  collapse library dir [/lib/../lib64] ==> [/lib64]
  collapse library dir [/usr/lib/x86_64-linux-gnu] ==> [/usr/lib/x86_64-linux-gnu]
  collapse library dir [/usr/bin/../lib/gcc/x86_64-linux-gnu/5.2.1/../../..] ==> [/usr/lib]
  collapse library dir [/usr/lib/llvm-3.7/bin/../lib] ==> [/usr/lib/llvm-3.7/lib]
  collapse library dir [/lib] ==> [/lib]
  collapse library dir [/usr/lib] ==> [/usr/lib]
  implicit libs: [c]
  implicit dirs: [/usr/lib/gcc/x86_64-linux-gnu/5.2.1;/usr/lib/x86_64-linux-gnu;/lib/x86_64-linux-gnu;/lib64;/usr/lib;/usr/lib/llvm-3.7/lib;/lib]
  implicit fwks: []




Detecting C [-std=c11] compiler features compiled with the following output:
Change Dir: /home/alexandr/Desktop/cprojects/compiler/university_compiler/CMakeFiles/CMakeTmp

Run Build Command:"/usr/bin/make" "cmTryCompileExec1536183233/fast"
/usr/bin/make -f CMakeFiles/cmTryCompileExec1536183233.dir/build.make CMakeFiles/cmTryCompileExec1536183233.dir/build
make[1]: Entering directory '/home/alexandr/Desktop/cprojects/compiler/university_compiler/CMakeFiles/CMakeTmp'
/usr/bin/cmake -E cmake_progress_report /home/alexandr/Desktop/cprojects/compiler/university_compiler/CMakeFiles/CMakeTmp/CMakeFiles 1
Building C object CMakeFiles/cmTryCompileExec1536183233.dir/feature_tests.c.o
/usr/bin/cc   -std=c11 -o CMakeFiles/cmTryCompileExec1536183233.dir/feature_tests.c.o   -c /home/alexandr/Desktop/cprojects/compiler/university_compiler/CMakeFiles/feature_tests.c
Linking C executable cmTryCompileExec1536183233
/usr/bin/cmake -E cmake_link_script CMakeFiles/cmTryCompileExec1536183233.dir/link.txt --verbose=1
/usr/bin/cc       CMakeFiles/cmTryCompileExec1536183233.dir/feature_tests.c.o  -o cmTryCompileExec1536183233 -rdynamic 
make[1]: Leaving directory '/home/alexandr/Desktop/cprojects/compiler/university_compiler/CMakeFiles/CMakeTmp'


    Feature record: C_FEATURE:1c_function_prototypes
    Feature record: C_FEATURE:1c_restrict
    Feature record: C_FEATURE:1c_static_assert
    Feature record: C_FEATURE:1c_variadic_macros


Detecting C [-std=c99] compiler features compiled with the following output:
Change Dir: /home/alexandr/Desktop/cprojects/compiler/university_compiler/CMakeFiles/CMakeTmp

Run Build Command:"/usr/bin/make" "cmTryCompileExec2040592877/fast"
/usr/bin/make -f CMakeFiles/cmTryCompileExec2040592877.dir/build.make CMakeFiles/cmTryCompileExec2040592877.dir/build
make[1]: Entering directory '/home/alexandr/Desktop/cprojects/compiler/university_compiler/CMakeFiles/CMakeTmp'
/usr/bin/cmake -E cmake_progress_report /home/alexandr/Desktop/cprojects/compiler/university_compiler/CMakeFiles/CMakeTmp/CMakeFiles 1
Building C object CMakeFiles/cmTryCompileExec2040592877.dir/feature_tests.c.o
/usr/bin/cc   -std=c99 -o CMakeFiles/cmTryCompileExec2040592877.dir/feature_tests.c.o   -c /home/alexandr/Desktop/cprojects/compiler/university_compiler/CMakeFiles/feature_tests.c
Linking C executable cmTryCompileExec2040592877
/usr/bin/cmake -E cmake_link_script CMakeFiles/cmTryCompileExec2040592877.dir/link.txt --verbose=1
/usr/bin/cc       CMakeFiles/cmTryCompileExec2040592877.dir/feature_tests.c.o  -o cmTryCompileExec2040592877 -rdynamic 
make[1]: Leaving directory '/home/alexandr/Desktop/cprojects/compiler/university_compiler/CMakeFiles/CMakeTmp'


    Feature record: C_FEATURE:1c_function_prototypes
    Feature record: C_FEATURE:1c_restrict
    Feature record: C_FEATURE:0c_static_assert
    Feature record: C_FEATURE:1c_variadic_macros


Detecting C [-std=c90] compiler features compiled with the following output:
Change Dir: /home/alexandr/Desktop/cprojects/compiler/university_compiler/CMakeFiles/CMakeTmp

Run Build Command:"/usr/bin/make" "cmTryCompileExec2649501366/fast"
/usr/bin/make -f CMakeFiles/cmTryCompileExec2649501366.dir/build.make CMakeFiles/cmTryCompileExec2649501366.dir/build
make[1]: Entering directory '/home/alexandr/Desktop/cprojects/compiler/university_compiler/CMakeFiles/CMakeTmp'
/usr/bin/cmake -E cmake_progress_report /home/alexandr/Desktop/cprojects/compiler/university_compiler/CMakeFiles/CMakeTmp/CMakeFiles 1
Building C object CMakeFiles/cmTryCompileExec2649501366.dir/feature_tests.c.o
/usr/bin/cc   -std=c90 -o CMakeFiles/cmTryCompileExec2649501366.dir/feature_tests.c.o   -c /home/alexandr/Desktop/cprojects/compiler/university_compiler/CMakeFiles/feature_tests.c
Linking C executable cmTryCompileExec2649501366
/usr/bin/cmake -E cmake_link_script CMakeFiles/cmTryCompileExec2649501366.dir/link.txt --verbose=1
/usr/bin/cc       CMakeFiles/cmTryCompileExec2649501366.dir/feature_tests.c.o  -o cmTryCompileExec2649501366 -rdynamic 
make[1]: Leaving directory '/home/alexandr/Desktop/cprojects/compiler/university_compiler/CMakeFiles/CMakeTmp'


    Feature record: C_FEATURE:1c_function_prototypes
    Feature record: C_FEATURE:0c_restrict
    Feature record: C_FEATURE:0c_static_assert
    Feature record: C_FEATURE:0c_variadic_macros
Determining if the CXX compiler works passed with the following output:
Change Dir: /home/alexandr/Desktop/cprojects/compiler/university_compiler/CMakeFiles/CMakeTmp

Run Build Command:"/usr/bin/make" "cmTryCompileExec1388403097/fast"
/usr/bin/make -f CMakeFiles/cmTryCompileExec1388403097.dir/build.make CMakeFiles/cmTryCompileExec1388403097.dir/build
make[1]: Entering directory '/home/alexandr/Desktop/cprojects/compiler/university_compiler/CMakeFiles/CMakeTmp'
/usr/bin/cmake -E cmake_progress_report /home/alexandr/Desktop/cprojects/compiler/university_compiler/CMakeFiles/CMakeTmp/CMakeFiles 1
Building CXX object CMakeFiles/cmTryCompileExec1388403097.dir/testCXXCompiler.cxx.o
/usr/bin/c++     -o CMakeFiles/cmTryCompileExec1388403097.dir/testCXXCompiler.cxx.o -c /home/alexandr/Desktop/cprojects/compiler/university_compiler/CMakeFiles/CMakeTmp/testCXXCompiler.cxx
Linking CXX executable cmTryCompileExec1388403097
/usr/bin/cmake -E cmake_link_script CMakeFiles/cmTryCompileExec1388403097.dir/link.txt --verbose=1
/usr/bin/c++        CMakeFiles/cmTryCompileExec1388403097.dir/testCXXCompiler.cxx.o  -o cmTryCompileExec1388403097 -rdynamic 
make[1]: Leaving directory '/home/alexandr/Desktop/cprojects/compiler/university_compiler/CMakeFiles/CMakeTmp'


Detecting CXX compiler ABI info compiled with the following output:
Change Dir: /home/alexandr/Desktop/cprojects/compiler/university_compiler/CMakeFiles/CMakeTmp

Run Build Command:"/usr/bin/make" "cmTryCompileExec2646273319/fast"
/usr/bin/make -f CMakeFiles/cmTryCompileExec2646273319.dir/build.make CMakeFiles/cmTryCompileExec2646273319.dir/build
make[1]: Entering directory '/home/alexandr/Desktop/cprojects/compiler/university_compiler/CMakeFiles/CMakeTmp'
/usr/bin/cmake -E cmake_progress_report /home/alexandr/Desktop/cprojects/compiler/university_compiler/CMakeFiles/CMakeTmp/CMakeFiles 1
Building CXX object CMakeFiles/cmTryCompileExec2646273319.dir/CMakeCXXCompilerABI.cpp.o
/usr/bin/c++     -o CMakeFiles/cmTryCompileExec2646273319.dir/CMakeCXXCompilerABI.cpp.o -c /usr/share/cmake-3.2/Modules/CMakeCXXCompilerABI.cpp
Linking CXX executable cmTryCompileExec2646273319
/usr/bin/cmake -E cmake_link_script CMakeFiles/cmTryCompileExec2646273319.dir/link.txt --verbose=1
/usr/bin/c++       -v CMakeFiles/cmTryCompileExec2646273319.dir/CMakeCXXCompilerABI.cpp.o  -o cmTryCompileExec2646273319 -rdynamic  
Ubuntu clang version 3.7.0-2ubuntu1 (tags/RELEASE_370/final) (based on LLVM 3.7.0)
Target: x86_64-pc-linux-gnu
Thread model: posix
Found candidate GCC installation: /usr/bin/../lib/gcc/x86_64-linux-gnu/5.2.1
Found candidate GCC installation: /usr/lib/gcc/x86_64-linux-gnu/5.2.1
Selected GCC installation: /usr/bin/../lib/gcc/x86_64-linux-gnu/5.2.1
Candidate multilib: .;@m64
Selected multilib: .;@m64
 "/usr/bin/ld" -export-dynamic -z relro --hash-style=gnu --build-id --eh-frame-hdr -m elf_x86_64 -dynamic-linker /lib64/ld-linux-x86-64.so.2 -o cmTryCompileExec2646273319 /usr/bin/../lib/gcc/x86_64-linux-gnu/5.2.1/../../../x86_64-linux-gnu/crt1.o /usr/bin/../lib/gcc/x86_64-linux-gnu/5.2.1/../../../x86_64-linux-gnu/crti.o /usr/bin/../lib/gcc/x86_64-linux-gnu/5.2.1/crtbegin.o -L/usr/bin/../lib/gcc/x86_64-linux-gnu/5.2.1 -L/usr/bin/../lib/gcc/x86_64-linux-gnu/5.2.1/../../../x86_64-linux-gnu -L/lib/x86_64-linux-gnu -L/lib/../lib64 -L/usr/lib/x86_64-linux-gnu -L/usr/bin/../lib/gcc/x86_64-linux-gnu/5.2.1/../../.. -L/usr/lib/llvm-3.7/bin/../lib -L/lib -L/usr/lib CMakeFiles/cmTryCompileExec2646273319.dir/CMakeCXXCompilerABI.cpp.o -lstdc++ -lm -lgcc_s -lgcc -lc -lgcc_s -lgcc /usr/bin/../lib/gcc/x86_64-linux-gnu/5.2.1/crtend.o /usr/bin/../lib/gcc/x86_64-linux-gnu/5.2.1/../../../x86_64-linux-gnu/crtn.o
make[1]: Leaving directory '/home/alexandr/Desktop/cprojects/compiler/university_compiler/CMakeFiles/CMakeTmp'


Parsed CXX implicit link information from above output:
  link line regex: [^( *|.*[/\])(ld|([^/\]+-)?ld|collect2)[^/\]*( |$)]
  ignore line: [Change Dir: /home/alexandr/Desktop/cprojects/compiler/university_compiler/CMakeFiles/CMakeTmp]
  ignore line: []
  ignore line: [Run Build Command:"/usr/bin/make" "cmTryCompileExec2646273319/fast"]
  ignore line: [/usr/bin/make -f CMakeFiles/cmTryCompileExec2646273319.dir/build.make CMakeFiles/cmTryCompileExec2646273319.dir/build]
  ignore line: [make[1]: Entering directory '/home/alexandr/Desktop/cprojects/compiler/university_compiler/CMakeFiles/CMakeTmp']
  ignore line: [/usr/bin/cmake -E cmake_progress_report /home/alexandr/Desktop/cprojects/compiler/university_compiler/CMakeFiles/CMakeTmp/CMakeFiles 1]
  ignore line: [Building CXX object CMakeFiles/cmTryCompileExec2646273319.dir/CMakeCXXCompilerABI.cpp.o]
  ignore line: [/usr/bin/c++     -o CMakeFiles/cmTryCompileExec2646273319.dir/CMakeCXXCompilerABI.cpp.o -c /usr/share/cmake-3.2/Modules/CMakeCXXCompilerABI.cpp]
  ignore line: [Linking CXX executable cmTryCompileExec2646273319]
  ignore line: [/usr/bin/cmake -E cmake_link_script CMakeFiles/cmTryCompileExec2646273319.dir/link.txt --verbose=1]
  ignore line: [/usr/bin/c++       -v CMakeFiles/cmTryCompileExec2646273319.dir/CMakeCXXCompilerABI.cpp.o  -o cmTryCompileExec2646273319 -rdynamic  ]
  ignore line: [Ubuntu clang version 3.7.0-2ubuntu1 (tags/RELEASE_370/final) (based on LLVM 3.7.0)]
  ignore line: [Target: x86_64-pc-linux-gnu]
  ignore line: [Thread model: posix]
  ignore line: [Found candidate GCC installation: /usr/bin/../lib/gcc/x86_64-linux-gnu/5.2.1]
  ignore line: [Found candidate GCC installation: /usr/lib/gcc/x86_64-linux-gnu/5.2.1]
  ignore line: [Selected GCC installation: /usr/bin/../lib/gcc/x86_64-linux-gnu/5.2.1]
  ignore line: [Candidate multilib: .]
  ignore line: [@m64]
  ignore line: [Selected multilib: .]
  ignore line: [@m64]
  link line: [ "/usr/bin/ld" -export-dynamic -z relro --hash-style=gnu --build-id --eh-frame-hdr -m elf_x86_64 -dynamic-linker /lib64/ld-linux-x86-64.so.2 -o cmTryCompileExec2646273319 /usr/bin/../lib/gcc/x86_64-linux-gnu/5.2.1/../../../x86_64-linux-gnu/crt1.o /usr/bin/../lib/gcc/x86_64-linux-gnu/5.2.1/../../../x86_64-linux-gnu/crti.o /usr/bin/../lib/gcc/x86_64-linux-gnu/5.2.1/crtbegin.o -L/usr/bin/../lib/gcc/x86_64-linux-gnu/5.2.1 -L/usr/bin/../lib/gcc/x86_64-linux-gnu/5.2.1/../../../x86_64-linux-gnu -L/lib/x86_64-linux-gnu -L/lib/../lib64 -L/usr/lib/x86_64-linux-gnu -L/usr/bin/../lib/gcc/x86_64-linux-gnu/5.2.1/../../.. -L/usr/lib/llvm-3.7/bin/../lib -L/lib -L/usr/lib CMakeFiles/cmTryCompileExec2646273319.dir/CMakeCXXCompilerABI.cpp.o -lstdc++ -lm -lgcc_s -lgcc -lc -lgcc_s -lgcc /usr/bin/../lib/gcc/x86_64-linux-gnu/5.2.1/crtend.o /usr/bin/../lib/gcc/x86_64-linux-gnu/5.2.1/../../../x86_64-linux-gnu/crtn.o]
    arg [/usr/bin/ld] ==> ignore
    arg [-export-dynamic] ==> ignore
    arg [-zrelro] ==> ignore
    arg [--hash-style=gnu] ==> ignore
    arg [--build-id] ==> ignore
    arg [--eh-frame-hdr] ==> ignore
    arg [-m] ==> ignore
    arg [elf_x86_64] ==> ignore
    arg [-dynamic-linker] ==> ignore
    arg [/lib64/ld-linux-x86-64.so.2] ==> ignore
    arg [-o] ==> ignore
    arg [cmTryCompileExec2646273319] ==> ignore
    arg [/usr/bin/../lib/gcc/x86_64-linux-gnu/5.2.1/../../../x86_64-linux-gnu/crt1.o] ==> ignore
    arg [/usr/bin/../lib/gcc/x86_64-linux-gnu/5.2.1/../../../x86_64-linux-gnu/crti.o] ==> ignore
    arg [/usr/bin/../lib/gcc/x86_64-linux-gnu/5.2.1/crtbegin.o] ==> ignore
    arg [-L/usr/bin/../lib/gcc/x86_64-linux-gnu/5.2.1] ==> dir [/usr/bin/../lib/gcc/x86_64-linux-gnu/5.2.1]
    arg [-L/usr/bin/../lib/gcc/x86_64-linux-gnu/5.2.1/../../../x86_64-linux-gnu] ==> dir [/usr/bin/../lib/gcc/x86_64-linux-gnu/5.2.1/../../../x86_64-linux-gnu]
    arg [-L/lib/x86_64-linux-gnu] ==> dir [/lib/x86_64-linux-gnu]
    arg [-L/lib/../lib64] ==> dir [/lib/../lib64]
    arg [-L/usr/lib/x86_64-linux-gnu] ==> dir [/usr/lib/x86_64-linux-gnu]
    arg [-L/usr/bin/../lib/gcc/x86_64-linux-gnu/5.2.1/../../..] ==> dir [/usr/bin/../lib/gcc/x86_64-linux-gnu/5.2.1/../../..]
    arg [-L/usr/lib/llvm-3.7/bin/../lib] ==> dir [/usr/lib/llvm-3.7/bin/../lib]
    arg [-L/lib] ==> dir [/lib]
    arg [-L/usr/lib] ==> dir [/usr/lib]
    arg [CMakeFiles/cmTryCompileExec2646273319.dir/CMakeCXXCompilerABI.cpp.o] ==> ignore
    arg [-lstdc++] ==> lib [stdc++]
    arg [-lm] ==> lib [m]
    arg [-lgcc_s] ==> lib [gcc_s]
    arg [-lgcc] ==> lib [gcc]
    arg [-lc] ==> lib [c]
    arg [-lgcc_s] ==> lib [gcc_s]
    arg [-lgcc] ==> lib [gcc]
    arg [/usr/bin/../lib/gcc/x86_64-linux-gnu/5.2.1/crtend.o] ==> ignore
    arg [/usr/bin/../lib/gcc/x86_64-linux-gnu/5.2.1/../../../x86_64-linux-gnu/crtn.o] ==> ignore
  remove lib [gcc_s]
  remove lib [gcc]
  remove lib [gcc_s]
  remove lib [gcc]
  collapse library dir [/usr/bin/../lib/gcc/x86_64-linux-gnu/5.2.1] ==> [/usr/lib/gcc/x86_64-linux-gnu/5.2.1]
  collapse library dir [/usr/bin/../lib/gcc/x86_64-linux-gnu/5.2.1/../../../x86_64-linux-gnu] ==> [/usr/lib/x86_64-linux-gnu]
  collapse library dir [/lib/x86_64-linux-gnu] ==> [/lib/x86_64-linux-gnu]
  collapse library dir [/lib/../lib64] ==> [/lib64]
  collapse library dir [/usr/lib/x86_64-linux-gnu] ==> [/usr/lib/x86_64-linux-gnu]
  collapse library dir [/usr/bin/../lib/gcc/x86_64-linux-gnu/5.2.1/../../..] ==> [/usr/lib]
  collapse library dir [/usr/lib/llvm-3.7/bin/../lib] ==> [/usr/lib/llvm-3.7/lib]
  collapse library dir [/lib] ==> [/lib]
  collapse library dir [/usr/lib] ==> [/usr/lib]
  implicit libs: [stdc++;m;c]
  implicit dirs: [/usr/lib/gcc/x86_64-linux-gnu/5.2.1;/usr/lib/x86_64-linux-gnu;/lib/x86_64-linux-gnu;/lib64;/usr/lib;/usr/lib/llvm-3.7/lib;/lib]
  implicit fwks: []




Detecting CXX [-std=c++14] compiler features compiled with the following output:
Change Dir: /home/alexandr/Desktop/cprojects/compiler/university_compiler/CMakeFiles/CMakeTmp

Run Build Command:"/usr/bin/make" "cmTryCompileExec1121117300/fast"
/usr/bin/make -f CMakeFiles/cmTryCompileExec1121117300.dir/build.make CMakeFiles/cmTryCompileExec1121117300.dir/build
make[1]: Entering directory '/home/alexandr/Desktop/cprojects/compiler/university_compiler/CMakeFiles/CMakeTmp'
/usr/bin/cmake -E cmake_progress_report /home/alexandr/Desktop/cprojects/compiler/university_compiler/CMakeFiles/CMakeTmp/CMakeFiles 1
Building CXX object CMakeFiles/cmTryCompileExec1121117300.dir/feature_tests.cxx.o
/usr/bin/c++    -std=c++14 -o CMakeFiles/cmTryCompileExec1121117300.dir/feature_tests.cxx.o -c /home/alexandr/Desktop/cprojects/compiler/university_compiler/CMakeFiles/feature_tests.cxx
Linking CXX executable cmTryCompileExec1121117300
/usr/bin/cmake -E cmake_link_script CMakeFiles/cmTryCompileExec1121117300.dir/link.txt --verbose=1
/usr/bin/c++        CMakeFiles/cmTryCompileExec1121117300.dir/feature_tests.cxx.o  -o cmTryCompileExec1121117300 -rdynamic 
make[1]: Leaving directory '/home/alexandr/Desktop/cprojects/compiler/university_compiler/CMakeFiles/CMakeTmp'


    Feature record: CXX_FEATURE:1cxx_aggregate_default_initializers
    Feature record: CXX_FEATURE:1cxx_alias_templates
    Feature record: CXX_FEATURE:1cxx_alignas
    Feature record: CXX_FEATURE:1cxx_alignof
    Feature record: CXX_FEATURE:1cxx_attributes
    Feature record: CXX_FEATURE:1cxx_attribute_deprecated
    Feature record: CXX_FEATURE:1cxx_auto_type
    Feature record: CXX_FEATURE:1cxx_binary_literals
    Feature record: CXX_FEATURE:1cxx_constexpr
    Feature record: CXX_FEATURE:1cxx_contextual_conversions
    Feature record: CXX_FEATURE:1cxx_decltype
    Feature record: CXX_FEATURE:1cxx_decltype_auto
    Feature record: CXX_FEATURE:1cxx_decltype_incomplete_return_types
    Feature record: CXX_FEATURE:1cxx_default_function_template_args
    Feature record: CXX_FEATURE:1cxx_defaulted_functions
    Feature record: CXX_FEATURE:1cxx_defaulted_move_initializers
    Feature record: CXX_FEATURE:1cxx_delegating_constructors
    Feature record: CXX_FEATURE:1cxx_deleted_functions
    Feature record: CXX_FEATURE:1cxx_digit_separators
    Feature record: CXX_FEATURE:1cxx_enum_forward_declarations
    Feature record: CXX_FEATURE:1cxx_explicit_conversions
    Feature record: CXX_FEATURE:1cxx_extended_friend_declarations
    Feature record: CXX_FEATURE:1cxx_extern_templates
    Feature record: CXX_FEATURE:1cxx_final
    Feature record: CXX_FEATURE:1cxx_func_identifier
    Feature record: CXX_FEATURE:1cxx_generalized_initializers
    Feature record: CXX_FEATURE:1cxx_generic_lambdas
    Feature record: CXX_FEATURE:1cxx_inheriting_constructors
    Feature record: CXX_FEATURE:1cxx_inline_namespaces
    Feature record: CXX_FEATURE:1cxx_lambdas
    Feature record: CXX_FEATURE:1cxx_lambda_init_captures
    Feature record: CXX_FEATURE:1cxx_local_type_template_args
    Feature record: CXX_FEATURE:1cxx_long_long_type
    Feature record: CXX_FEATURE:1cxx_noexcept
    Feature record: CXX_FEATURE:1cxx_nonstatic_member_init
    Feature record: CXX_FEATURE:1cxx_nullptr
    Feature record: CXX_FEATURE:1cxx_override
    Feature record: CXX_FEATURE:1cxx_range_for
    Feature record: CXX_FEATURE:1cxx_raw_string_literals
    Feature record: CXX_FEATURE:1cxx_reference_qualified_functions
    Feature record: CXX_FEATURE:1cxx_relaxed_constexpr
    Feature record: CXX_FEATURE:1cxx_return_type_deduction
    Feature record: CXX_FEATURE:1cxx_right_angle_brackets
    Feature record: CXX_FEATURE:1cxx_rvalue_references
    Feature record: CXX_FEATURE:1cxx_sizeof_member
    Feature record: CXX_FEATURE:1cxx_static_assert
    Feature record: CXX_FEATURE:1cxx_strong_enums
    Feature record: CXX_FEATURE:1cxx_template_template_parameters
    Feature record: CXX_FEATURE:1cxx_thread_local
    Feature record: CXX_FEATURE:1cxx_trailing_return_types
    Feature record: CXX_FEATURE:1cxx_unicode_literals
    Feature record: CXX_FEATURE:1cxx_uniform_initialization
    Feature record: CXX_FEATURE:1cxx_unrestricted_unions
    Feature record: CXX_FEATURE:1cxx_user_literals
    Feature record: CXX_FEATURE:1cxx_variable_templates
    Feature record: CXX_FEATURE:1cxx_variadic_macros
    Feature record: CXX_FEATURE:1cxx_variadic_templates


Detecting CXX [-std=c++11] compiler features compiled with the following output:
Change Dir: /home/alexandr/Desktop/cprojects/compiler/university_compiler/CMakeFiles/CMakeTmp

Run Build Command:"/usr/bin/make" "cmTryCompileExec3164550999/fast"
/usr/bin/make -f CMakeFiles/cmTryCompileExec3164550999.dir/build.make CMakeFiles/cmTryCompileExec3164550999.dir/build
make[1]: Entering directory '/home/alexandr/Desktop/cprojects/compiler/university_compiler/CMakeFiles/CMakeTmp'
/usr/bin/cmake -E cmake_progress_report /home/alexandr/Desktop/cprojects/compiler/university_compiler/CMakeFiles/CMakeTmp/CMakeFiles 1
Building CXX object CMakeFiles/cmTryCompileExec3164550999.dir/feature_tests.cxx.o
/usr/bin/c++    -std=c++11 -o CMakeFiles/cmTryCompileExec3164550999.dir/feature_tests.cxx.o -c /home/alexandr/Desktop/cprojects/compiler/university_compiler/CMakeFiles/feature_tests.cxx
Linking CXX executable cmTryCompileExec3164550999
/usr/bin/cmake -E cmake_link_script CMakeFiles/cmTryCompileExec3164550999.dir/link.txt --verbose=1
/usr/bin/c++        CMakeFiles/cmTryCompileExec3164550999.dir/feature_tests.cxx.o  -o cmTryCompileExec3164550999 -rdynamic 
make[1]: Leaving directory '/home/alexandr/Desktop/cprojects/compiler/university_compiler/CMakeFiles/CMakeTmp'


    Feature record: CXX_FEATURE:0cxx_aggregate_default_initializers
    Feature record: CXX_FEATURE:1cxx_alias_templates
    Feature record: CXX_FEATURE:1cxx_alignas
    Feature record: CXX_FEATURE:1cxx_alignof
    Feature record: CXX_FEATURE:1cxx_attributes
    Feature record: CXX_FEATURE:0cxx_attribute_deprecated
    Feature record: CXX_FEATURE:1cxx_auto_type
    Feature record: CXX_FEATURE:0cxx_binary_literals
    Feature record: CXX_FEATURE:1cxx_constexpr
    Feature record: CXX_FEATURE:0cxx_contextual_conversions
    Feature record: CXX_FEATURE:1cxx_decltype
    Feature record: CXX_FEATURE:0cxx_decltype_auto
    Feature record: CXX_FEATURE:1cxx_decltype_incomplete_return_types
    Feature record: CXX_FEATURE:1cxx_default_function_template_args
    Feature record: CXX_FEATURE:1cxx_defaulted_functions
    Feature record: CXX_FEATURE:1cxx_defaulted_move_initializers
    Feature record: CXX_FEATURE:1cxx_delegating_constructors
    Feature record: CXX_FEATURE:1cxx_deleted_functions
    Feature record: CXX_FEATURE:0cxx_digit_separators
    Feature record: CXX_FEATURE:1cxx_enum_forward_declarations
    Feature record: CXX_FEATURE:1cxx_explicit_conversions
    Feature record: CXX_FEATURE:1cxx_extended_friend_declarations
    Feature record: CXX_FEATURE:1cxx_extern_templates
    Feature record: CXX_FEATURE:1cxx_final
    Feature record: CXX_FEATURE:1cxx_func_identifier
    Feature record: CXX_FEATURE:1cxx_generalized_initializers
    Feature record: CXX_FEATURE:0cxx_generic_lambdas
    Feature record: CXX_FEATURE:1cxx_inheriting_constructors
    Feature record: CXX_FEATURE:1cxx_inline_namespaces
    Feature record: CXX_FEATURE:1cxx_lambdas
    Feature record: CXX_FEATURE:0cxx_lambda_init_captures
    Feature record: CXX_FEATURE:1cxx_local_type_template_args
    Feature record: CXX_FEATURE:1cxx_long_long_type
    Feature record: CXX_FEATURE:1cxx_noexcept
    Feature record: CXX_FEATURE:1cxx_nonstatic_member_init
    Feature record: CXX_FEATURE:1cxx_nullptr
    Feature record: CXX_FEATURE:1cxx_override
    Feature record: CXX_FEATURE:1cxx_range_for
    Feature record: CXX_FEATURE:1cxx_raw_string_literals
    Feature record: CXX_FEATURE:1cxx_reference_qualified_functions
    Feature record: CXX_FEATURE:0cxx_relaxed_constexpr
    Feature record: CXX_FEATURE:0cxx_return_type_deduction
    Feature record: CXX_FEATURE:1cxx_right_angle_brackets
    Feature record: CXX_FEATURE:1cxx_rvalue_references
    Feature record: CXX_FEATURE:1cxx_sizeof_member
    Feature record: CXX_FEATURE:1cxx_static_assert
    Feature record: CXX_FEATURE:1cxx_strong_enums
    Feature record: CXX_FEATURE:1cxx_template_template_parameters
    Feature record: CXX_FEATURE:1cxx_thread_local
    Feature record: CXX_FEATURE:1cxx_trailing_return_types
    Feature record: CXX_FEATURE:1cxx_unicode_literals
    Feature record: CXX_FEATURE:1cxx_uniform_initialization
    Feature record: CXX_FEATURE:1cxx_unrestricted_unions
    Feature record: CXX_FEATURE:1cxx_user_literals
    Feature record: CXX_FEATURE:0cxx_variable_templates
    Feature record: CXX_FEATURE:1cxx_variadic_macros
    Feature record: CXX_FEATURE:1cxx_variadic_templates


Detecting CXX [-std=c++98] compiler features compiled with the following output:
Change Dir: /home/alexandr/Desktop/cprojects/compiler/university_compiler/CMakeFiles/CMakeTmp

Run Build Command:"/usr/bin/make" "cmTryCompileExec4166439226/fast"
/usr/bin/make -f CMakeFiles/cmTryCompileExec4166439226.dir/build.make CMakeFiles/cmTryCompileExec4166439226.dir/build
make[1]: Entering directory '/home/alexandr/Desktop/cprojects/compiler/university_compiler/CMakeFiles/CMakeTmp'
/usr/bin/cmake -E cmake_progress_report /home/alexandr/Desktop/cprojects/compiler/university_compiler/CMakeFiles/CMakeTmp/CMakeFiles 1
Building CXX object CMakeFiles/cmTryCompileExec4166439226.dir/feature_tests.cxx.o
/usr/bin/c++    -std=c++98 -o CMakeFiles/cmTryCompileExec4166439226.dir/feature_tests.cxx.o -c /home/alexandr/Desktop/cprojects/compiler/university_compiler/CMakeFiles/feature_tests.cxx
Linking CXX executable cmTryCompileExec4166439226
/usr/bin/cmake -E cmake_link_script CMakeFiles/cmTryCompileExec4166439226.dir/link.txt --verbose=1
/usr/bin/c++        CMakeFiles/cmTryCompileExec4166439226.dir/feature_tests.cxx.o  -o cmTryCompileExec4166439226 -rdynamic 
make[1]: Leaving directory '/home/alexandr/Desktop/cprojects/compiler/university_compiler/CMakeFiles/CMakeTmp'


    Feature record: CXX_FEATURE:0cxx_aggregate_default_initializers
    Feature record: CXX_FEATURE:0cxx_alias_templates
    Feature record: CXX_FEATURE:0cxx_alignas
    Feature record: CXX_FEATURE:0cxx_alignof
    Feature record: CXX_FEATURE:0cxx_attributes
    Feature record: CXX_FEATURE:0cxx_attribute_deprecated
    Feature record: CXX_FEATURE:0cxx_auto_type
    Feature record: CXX_FEATURE:0cxx_binary_literals
    Feature record: CXX_FEATURE:0cxx_constexpr
    Feature record: CXX_FEATURE:0cxx_contextual_conversions
    Feature record: CXX_FEATURE:0cxx_decltype
    Feature record: CXX_FEATURE:0cxx_decltype_auto
    Feature record: CXX_FEATURE:0cxx_decltype_incomplete_return_types
    Feature record: CXX_FEATURE:0cxx_default_function_template_args
    Feature record: CXX_FEATURE:0cxx_defaulted_functions
    Feature record: CXX_FEATURE:0cxx_defaulted_move_initializers
    Feature record: CXX_FEATURE:0cxx_delegating_constructors
    Feature record: CXX_FEATURE:0cxx_deleted_functions
    Feature record: CXX_FEATURE:0cxx_digit_separators
    Feature record: CXX_FEATURE:0cxx_enum_forward_declarations
    Feature record: CXX_FEATURE:0cxx_explicit_conversions
    Feature record: CXX_FEATURE:0cxx_extended_friend_declarations
    Feature record: CXX_FEATURE:0cxx_extern_templates
    Feature record: CXX_FEATURE:0cxx_final
    Feature record: CXX_FEATURE:0cxx_func_identifier
    Feature record: CXX_FEATURE:0cxx_generalized_initializers
    Feature record: CXX_FEATURE:0cxx_generic_lambdas
    Feature record: CXX_FEATURE:0cxx_inheriting_constructors
    Feature record: CXX_FEATURE:0cxx_inline_namespaces
    Feature record: CXX_FEATURE:0cxx_lambdas
    Feature record: CXX_FEATURE:0cxx_lambda_init_captures
    Feature record: CXX_FEATURE:0cxx_local_type_template_args
    Feature record: CXX_FEATURE:0cxx_long_long_type
    Feature record: CXX_FEATURE:0cxx_noexcept
    Feature record: CXX_FEATURE:0cxx_nonstatic_member_init
    Feature record: CXX_FEATURE:0cxx_nullptr
    Feature record: CXX_FEATURE:0cxx_override
    Feature record: CXX_FEATURE:0cxx_range_for
    Feature record: CXX_FEATURE:0cxx_raw_string_literals
    Feature record: CXX_FEATURE:0cxx_reference_qualified_functions
    Feature record: CXX_FEATURE:0cxx_relaxed_constexpr
    Feature record: CXX_FEATURE:0cxx_return_type_deduction
    Feature record: CXX_FEATURE:0cxx_right_angle_brackets
    Feature record: CXX_FEATURE:0cxx_rvalue_references
    Feature record: CXX_FEATURE:0cxx_sizeof_member
    Feature record: CXX_FEATURE:0cxx_static_assert
    Feature record: CXX_FEATURE:0cxx_strong_enums
    Feature record: CXX_FEATURE:1cxx_template_template_parameters
    Feature record: CXX_FEATURE:0cxx_thread_local
    Feature record: CXX_FEATURE:0cxx_trailing_return_types
    Feature record: CXX_FEATURE:0cxx_unicode_literals
    Feature record: CXX_FEATURE:0cxx_uniform_initialization
    Feature record: CXX_FEATURE:0cxx_unrestricted_unions
    Feature record: CXX_FEATURE:0cxx_user_literals
    Feature record: CXX_FEATURE:0cxx_variable_templates
    Feature record: CXX_FEATURE:0cxx_variadic_macros
    Feature record: CXX_FEATURE:0cxx_variadic_templates
